compiz (core) - Info: Loading plugin: core
compiz (core) - Info: Starting plugin: core
compiz (core) - Info: Loading plugin: ccp
compiz (core) - Info: Starting plugin: ccp
compizconfig - Info: Backend     : gsettings
compizconfig - Info: Integration : true
compizconfig - Info: Profile     : unity
compiz (core) - Info: Loading plugin: composite
compiz (core) - Info: Starting plugin: composite
compiz (core) - Info: Loading plugin: opengl
compiz (core) - Info: Starting plugin: opengl
compiz (core) - Info: Loading plugin: place
compiz (core) - Info: Starting plugin: place
compiz (core) - Info: Loading plugin: grid
compiz (core) - Info: Starting plugin: grid
compiz (core) - Info: Loading plugin: snap
compiz (core) - Info: Starting plugin: snap
compiz (core) - Info: Loading plugin: move
compiz (core) - Info: Starting plugin: move
compiz (core) - Info: Loading plugin: compiztoolbox
compiz (core) - Info: Starting plugin: compiztoolbox
compiz (core) - Info: Loading plugin: mousepoll
compiz (core) - Info: Starting plugin: mousepoll
compiz (core) - Info: Loading plugin: regex
compiz (core) - Info: Starting plugin: regex
compiz (core) - Info: Loading plugin: resize
compiz (core) - Info: Starting plugin: resize
compiz (core) - Info: Loading plugin: commands
compiz (core) - Info: Starting plugin: commands
compiz (core) - Info: Loading plugin: copytex
compiz (core) - Info: Starting plugin: copytex
compiz (core) - Info: Loading plugin: imgpng
compiz (core) - Info: Starting plugin: imgpng
compiz (core) - Info: Loading plugin: wall
compiz (core) - Info: Starting plugin: wall
compiz (core) - Info: Loading plugin: vpswitch
compiz (core) - Info: Starting plugin: vpswitch
compiz (core) - Info: Loading plugin: session
compiz (core) - Info: Starting plugin: session
compiz (core) - Info: Loading plugin: unitymtgrabhandles
compiz (core) - Info: Starting plugin: unitymtgrabhandles
compiz (core) - Info: Loading plugin: animation
compiz (core) - Info: Starting plugin: animation
compiz (core) - Info: Loading plugin: fade
compiz (core) - Info: Starting plugin: fade
compiz (core) - Info: Loading plugin: workarounds
compiz (core) - Info: Starting plugin: workarounds
compiz (core) - Info: Loading plugin: expo
compiz (core) - Info: Starting plugin: expo
compiz (core) - Info: Loading plugin: scale
compiz (core) - Info: Starting plugin: scale
compiz (core) - Info: Loading plugin: ezoom
compiz (core) - Info: Starting plugin: ezoom
compiz (core) - Info: Loading plugin: unityshell
compiz (core) - Info: Starting plugin: unityshell
WARN  2016-06-24 21:30:27 unity.screen UScreen.cpp:126 UScreen::GetMonitorName: Failed to get monitor name for monitor0
WARN  2016-06-24 21:30:27 unity.glib.dbus.server GLibDBusServer.cpp:593 Can't register object 'org.gnome.Shell' yet as we don't have a connection, waiting for it...
WARN  2016-06-24 21:30:27 unity.debug.interface DebugDBusInterface.cpp:217 Unable to load entry point in libxpathselect: libxpathselect.so.1.4: cannot open shared object file: No such file or directory -- full D-Bus introspection will not be available
WARN  2016-06-24 21:30:28 xim.controller XIMController.cpp:103 IBus natively supported.
WARN  2016-06-24 21:30:28 unity.dash.gsettingsscopereader GSettingsScopes.cpp:108 Error fetching protocol metadata for scope: social.scope : Valid key file could not be found in search dirs
WARN  2016-06-24 21:30:29 unity.glib.dbus.server GLibDBusServer.cpp:593 Can't register object 'com.canonical.Unity.Launcher' yet as we don't have a connection, waiting for it...
WARN  2016-06-24 21:30:29 unity.glib.dbus.server GLibDBusServer.cpp:593 Can't register object 'com.canonical.Unity.Dash' yet as we don't have a connection, waiting for it...
WARN  2016-06-24 21:30:30 unity.glib.dbus.server GLibDBusServer.cpp:593 Can't register object 'org.gnome.SessionManager.EndSessionDialog' yet as we don't have a connection, waiting for it...
WARN  2016-06-24 21:30:30 unity.glib.dbus.server GLibDBusServer.cpp:593 Can't register object 'com.canonical.Unity.Session' yet as we don't have a connection, waiting for it...
WARN  2016-06-24 21:30:30 unity.glib.dbus.server GLibDBusServer.cpp:593 Can't register object 'org.gnome.ScreenSaver' yet as we don't have a connection, waiting for it...
ERROR 2016-06-24 21:30:34 unity.glib.dbus.server GLibDBusServer.cpp:538 DBus name lost 'org.gnome.Shell'
ERROR 2016-06-24 21:30:34 unity.glib.dbus.server GLibDBusServer.cpp:538 DBus name lost 'com.canonical.Unity'
WARN  2016-06-24 21:30:34 unity.key.gnome.grabber GnomeKeyGrabber.cpp:94 Trying to grab a disabled action, we skip it
WARN  2016-06-24 21:30:34 unity.key.gnome.grabber GnomeKeyGrabber.cpp:94 Trying to grab a disabled action, we skip it
WARN  2016-06-24 21:30:34 unity.key.gnome.grabber GnomeKeyGrabber.cpp:94 Trying to grab a disabled action, we skip it
WARN  2016-06-24 21:30:34 unity.key.gnome.grabber GnomeKeyGrabber.cpp:94 Trying to grab a disabled action, we skip it
WARN  2016-06-24 21:30:34 unity.key.gnome.grabber GnomeKeyGrabber.cpp:94 Trying to grab a disabled action, we skip it
WARN  2016-06-24 21:30:34 unity.key.gnome.grabber GnomeKeyGrabber.cpp:94 Trying to grab a disabled action, we skip it
WARN  2016-06-24 21:30:34 unity.key.gnome.grabber GnomeKeyGrabber.cpp:94 Trying to grab a disabled action, we skip it
WARN  2016-06-24 21:30:34 unity.key.gnome.grabber GnomeKeyGrabber.cpp:94 Trying to grab a disabled action, we skip it
WARN  2016-06-24 21:30:34 unity.key.gnome.grabber GnomeKeyGrabber.cpp:94 Trying to grab a disabled action, we skip it
WARN  2016-06-24 21:30:34 unity.key.gnome.grabber GnomeKeyGrabber.cpp:94 Trying to grab a disabled action, we skip it
WARN  2016-06-24 21:35:11 unity <unknown>:0 compiz: Fatal IO error 11 (Resource temporarily unavailable) on X server :0.

compiz (core) - Info: Loading plugin: core
compiz (core) - Info: Starting plugin: core
compiz (core) - Info: Loading plugin: ccp
compiz (core) - Info: Starting plugin: ccp
compizconfig - Info: Backend     : gsettings
compizconfig - Info: Integration : true
compizconfig - Info: Profile     : unity
compiz (core) - Info: Loading plugin: composite
compiz (core) - Info: Starting plugin: composite
compiz (core) - Info: Loading plugin: opengl
compiz (core) - Info: Starting plugin: opengl
compiz (core) - Info: Loading plugin: place
compiz (core) - Info: Starting plugin: place
compiz (core) - Info: Loading plugin: grid
compiz (core) - Info: Starting plugin: grid
compiz (core) - Info: Loading plugin: snap
compiz (core) - Info: Starting plugin: snap
compiz (core) - Info: Loading plugin: move
compiz (core) - Info: Starting plugin: move
compiz (core) - Info: Loading plugin: compiztoolbox
compiz (core) - Info: Starting plugin: compiztoolbox
compiz (core) - Info: Loading plugin: mousepoll
compiz (core) - Info: Starting plugin: mousepoll
compiz (core) - Info: Loading plugin: regex
compiz (core) - Info: Starting plugin: regex
compiz (core) - Info: Loading plugin: resize
compiz (core) - Info: Starting plugin: resize
compiz (core) - Info: Loading plugin: commands
compiz (core) - Info: Starting plugin: commands
compiz (core) - Info: Loading plugin: copytex
compiz (core) - Info: Starting plugin: copytex
compiz (core) - Info: Loading plugin: imgpng
compiz (core) - Info: Starting plugin: imgpng
compiz (core) - Info: Loading plugin: wall
compiz (core) - Info: Starting plugin: wall
compiz (core) - Info: Loading plugin: vpswitch
compiz (core) - Info: Starting plugin: vpswitch
compiz (core) - Info: Loading plugin: session
compiz (core) - Info: Starting plugin: session
compiz (core) - Info: Loading plugin: unitymtgrabhandles
compiz (core) - Info: Starting plugin: unitymtgrabhandles
compiz (core) - Info: Loading plugin: animation
compiz (core) - Info: Starting plugin: animation
compiz (core) - Info: Loading plugin: fade
compiz (core) - Info: Starting plugin: fade
compiz (core) - Info: Loading plugin: workarounds
compiz (core) - Info: Starting plugin: workarounds
compiz (core) - Info: Loading plugin: expo
compiz (core) - Info: Starting plugin: expo
compiz (core) - Info: Loading plugin: scale
compiz (core) - Info: Starting plugin: scale
compiz (core) - Info: Loading plugin: ezoom
compiz (core) - Info: Starting plugin: ezoom
compiz (core) - Info: Loading plugin: unityshell
compiz (core) - Info: Starting plugin: unityshell
WARN  2016-06-24 21:37:59 unity.glib.dbus.server GLibDBusServer.cpp:593 Can't register object 'org.gnome.Shell' yet as we don't have a connection, waiting for it...
WARN  2016-06-24 21:38:00 unity.debug.interface DebugDBusInterface.cpp:217 Unable to load entry point in libxpathselect: libxpathselect.so.1.4: cannot open shared object file: No such file or directory -- full D-Bus introspection will not be available
WARN  2016-06-24 21:38:00 xim.controller XIMController.cpp:103 IBus natively supported.
WARN  2016-06-24 21:38:01 unity.dash.gsettingsscopereader GSettingsScopes.cpp:108 Error fetching protocol metadata for scope: social.scope : Valid key file could not be found in search dirs
WARN  2016-06-24 21:38:02 unity.glib.dbus.server GLibDBusServer.cpp:593 Can't register object 'com.canonical.Unity.Launcher' yet as we don't have a connection, waiting for it...
WARN  2016-06-24 21:38:03 unity.glib.dbus.server GLibDBusServer.cpp:593 Can't register object 'com.canonical.Unity.Dash' yet as we don't have a connection, waiting for it...
WARN  2016-06-24 21:38:04 unity.glib.dbus.server GLibDBusServer.cpp:593 Can't register object 'org.gnome.SessionManager.EndSessionDialog' yet as we don't have a connection, waiting for it...
WARN  2016-06-24 21:38:04 unity.glib.dbus.server GLibDBusServer.cpp:593 Can't register object 'com.canonical.Unity.Session' yet as we don't have a connection, waiting for it...
WARN  2016-06-24 21:38:04 unity.glib.dbus.server GLibDBusServer.cpp:593 Can't register object 'org.gnome.ScreenSaver' yet as we don't have a connection, waiting for it...
WARN  2016-06-24 21:38:14 unityo (appinfo2) <unknown>:0 g_settings_set_value: value for key 'visual-bell-type' in schema 'org.gnome.desktop.wm.preferences' is outside of valid range
WARN  2016-06-24 21:38:14 unityo (appinfo2) <unknown>:0 g_settings_set_value: value for key 'visual-bell-type' in schema 'org.gnome.desktop.wm.preferences' is outside of valid range
WARN  2016-06-24 21:38:14 unityo (appinfo2) <unknown>:0 g_settings_set_value: value for key 'visual-bell-type' in schema 'org.gnome.desktop.wm.preferences' is outside of valid range
ERROR 2016-06-24 21:38:15 unity.glib.dbus.server GLibDBusServer.cpp:538 DBus name lost 'org.gnome.Shell'
ERROR 2016-06-24 21:38:15 unity.glib.dbus.server GLibDBusServer.cpp:538 DBus name lost 'com.canonical.Unity'
WARN  2016-06-24 21:38:15 unity.key.gnome.grabber GnomeKeyGrabber.cpp:94 Trying to grab a disabled action, we skip it
WARN  2016-06-24 21:38:15 unity.key.gnome.grabber GnomeKeyGrabber.cpp:94 Trying to grab a disabled action, we skip it
WARN  2016-06-24 21:38:15 unity.key.gnome.grabber GnomeKeyGrabber.cpp:94 Trying to grab a disabled action, we skip it
WARN  2016-06-24 21:38:15 unity.key.gnome.grabber GnomeKeyGrabber.cpp:94 Trying to grab a disabled action, we skip it
WARN  2016-06-24 21:38:15 unity.key.gnome.grabber GnomeKeyGrabber.cpp:94 Trying to grab a disabled action, we skip it
WARN  2016-06-24 21:38:15 unity.key.gnome.grabber GnomeKeyGrabber.cpp:94 Trying to grab a disabled action, we skip it
WARN  2016-06-24 21:38:15 unity.key.gnome.grabber GnomeKeyGrabber.cpp:94 Trying to grab a disabled action, we skip it
WARN  2016-06-24 21:38:15 unity.key.gnome.grabber GnomeKeyGrabber.cpp:94 Trying to grab a disabled action, we skip it
WARN  2016-06-24 21:38:15 unity.key.gnome.grabber GnomeKeyGrabber.cpp:94 Trying to grab a disabled action, we skip it
WARN  2016-06-24 21:38:15 unity.key.gnome.grabber GnomeKeyGrabber.cpp:94 Trying to grab a disabled action, we skip it

(process:2404): GLib-CRITICAL **: g_path_get_basename: assertion 'file_name != NULL' failed
1466823239367	addons.update-checker	WARN	Update manifest for {972ce4c6-7e08-4474-a285-3208198ce6fd} did not contain an updates property
1466823239456	addons.update-checker	WARN	Update manifest for ubufox@ubuntu.com did not contain an updates property
1466823240059	addons.xpi	ERROR	Failed to clean updated system add-ons directories.: Unix error 2 during operation DirectoryIterator.prototype.next on file /home/matthew/.mozilla/firefox/7ngrky4y.default/features (No such file or directory) ((unknown module)) No traceback available
1466823240715	addons.xpi	ERROR	Attempted to load bootstrap scope from missing directory /home/matthew/.mozilla/firefox/7ngrky4y.default/extensions/firefox-hotfix@mozilla.org.xpi
1466823240716	addons.xpi	WARN	Add-on firefox-hotfix@mozilla.org is missing bootstrap method shutdown
1466823240720	addons.manager	WARN	Exception calling callback: [Exception... "Component returned failure code: 0x80520006 (NS_ERROR_FILE_TARGET_DOES_NOT_EXIST) [nsIFile.isDirectory]"  nsresult: "0x80520006 (NS_ERROR_FILE_TARGET_DOES_NOT_EXIST)"  location: "JS frame :: resource://gre/modules/addons/XPIProvider.jsm :: getURIForResourceInFile :: line 1510"  data: no] Stack trace: getURIForResourceInFile()@resource://gre/modules/addons/XPIProvider.jsm:1510 < this.XPIProvider.callBootstrapMethod()@resource://gre/modules/addons/XPIProvider.jsm:4669 < this.XPIProvider.uninstallAddon()@resource://gre/modules/addons/XPIProvider.jsm:4922 < AddonWrapper.prototype.uninstall()@resource://gre/modules/addons/XPIProvider.jsm:7129 < uninstallHotfix/<()@resource://gre/modules/addons/XPIProvider.jsm -> jar:file:///home/matthew/.mozilla/firefox/7ngrky4y.default/extensions/firefox-hotfix@mozilla.org.xpi!/bootstrap.js:78 < safeCall()@resource://gre/modules/AddonManager.jsm:179 < makeSafe/<()@resource://gre/modules/AddonManager.jsm:195 < Handler.prototype.process()@resource://gre/modules/Promise.jsm -> resource://gre/modules/Promise-backend.js:933 < this.PromiseWalker.walkerLoop()@resource://gre/modules/Promise.jsm -> resource://gre/modules/Promise-backend.js:812 < this.PromiseWalker.scheduleWalkerLoop/<()@resource://gre/modules/Promise.jsm -> resource://gre/modules/Promise-backend.js:746
WARN  2016-06-24 22:02:00 unity.iconloader IconLoader.cpp:756 Unable to load icon file:/// at size -1x22: Can't open directory

(unity-control-center:2639): unity-control-center-WARNING **: Could not load /usr/share/themes/Adwaita/index.theme: No such file or directory

(firefox:2254): Gtk-WARNING **: Unable to locate theme engine in module_path: "hcengine",

** (unity-control-center:2639): WARNING **: Could not find icon 'preferences-desktop-wallpaper'
WARN  2016-06-24 22:02:53 unity.theme.settings ThemeSettings.cpp:121 No valid file found for 'close'
WARN  2016-06-24 22:02:53 unity.decoration.style DecorationStyle.cpp:395 No Window button file for 'close'
ERROR 2016-06-24 22:02:53 unity_is_valid (res, icon) <unknown>:0 gdk_pixbuf_new_from_file_at_scale: assertion 'width > 0 || width == -1' failed
ERROR 2016-06-24 22:02:53 nux.gltexture.resource.manager GLTextureResourceManager.cpp:54 Invalid target, impossible to generate a new texture. Null Pixbuf
ERROR 2016-06-24 22:02:53 unityte <unknown>:0 g_object_unref: assertion 'G_IS_OBJECT (object)' failed
WARN  2016-06-24 22:02:53 unity.theme.settings ThemeSettings.cpp:121 No valid file found for 'close_focused_prelight'
WARN  2016-06-24 22:02:53 unity.decoration.style DecorationStyle.cpp:395 No Window button file for 'close_focused_prelight'
ERROR 2016-06-24 22:02:53 unity_is_valid (res, icon) <unknown>:0 gdk_pixbuf_new_from_file_at_scale: assertion 'width > 0 || width == -1' failed
ERROR 2016-06-24 22:02:53 nux.gltexture.resource.manager GLTextureResourceManager.cpp:54 Invalid target, impossible to generate a new texture. Null Pixbuf
ERROR 2016-06-24 22:02:53 unityte <unknown>:0 g_object_unref: assertion 'G_IS_OBJECT (object)' failed
WARN  2016-06-24 22:02:53 unity.theme.settings ThemeSettings.cpp:121 No valid file found for 'close_focused_pressed'
WARN  2016-06-24 22:02:53 unity.decoration.style DecorationStyle.cpp:395 No Window button file for 'close_focused_pressed'
ERROR 2016-06-24 22:02:53 unity_is_valid (res, icon) <unknown>:0 gdk_pixbuf_new_from_file_at_scale: assertion 'width > 0 || width == -1' failed
ERROR 2016-06-24 22:02:53 nux.gltexture.resource.manager GLTextureResourceManager.cpp:54 Invalid target, impossible to generate a new texture. Null Pixbuf
ERROR 2016-06-24 22:02:53 unityte <unknown>:0 g_object_unref: assertion 'G_IS_OBJECT (object)' failed
WARN  2016-06-24 22:02:53 unity.theme.settings ThemeSettings.cpp:121 No valid file found for 'close_unfocused'
WARN  2016-06-24 22:02:53 unity.decoration.style DecorationStyle.cpp:395 No Window button file for 'close_unfocused'
ERROR 2016-06-24 22:02:53 unity_is_valid (res, icon) <unknown>:0 gdk_pixbuf_new_from_file_at_scale: assertion 'width > 0 || width == -1' failed
ERROR 2016-06-24 22:02:53 nux.gltexture.resource.manager GLTextureResourceManager.cpp:54 Invalid target, impossible to generate a new texture. Null Pixbuf
ERROR 2016-06-24 22:02:53 unityte <unknown>:0 g_object_unref: assertion 'G_IS_OBJECT (object)' failed
WARN  2016-06-24 22:02:53 unity.theme.settings ThemeSettings.cpp:121 No valid file found for 'close_unfocused'
WARN  2016-06-24 22:02:53 unity.decoration.style DecorationStyle.cpp:395 No Window button file for 'close_unfocused'
ERROR 2016-06-24 22:02:53 unity_is_valid (res, icon) <unknown>:0 gdk_pixbuf_new_from_file_at_scale: assertion 'width > 0 || width == -1' failed
ERROR 2016-06-24 22:02:53 nux.gltexture.resource.manager GLTextureResourceManager.cpp:54 Invalid target, impossible to generate a new texture. Null Pixbuf
ERROR 2016-06-24 22:02:53 unityte <unknown>:0 g_object_unref: assertion 'G_IS_OBJECT (object)' failed
WARN  2016-06-24 22:02:53 unity.theme.settings ThemeSettings.cpp:121 No valid file found for 'close_unfocused_prelight'
WARN  2016-06-24 22:02:53 unity.decoration.style DecorationStyle.cpp:395 No Window button file for 'close_unfocused_prelight'
ERROR 2016-06-24 22:02:53 unity_is_valid (res, icon) <unknown>:0 gdk_pixbuf_new_from_file_at_scale: assertion 'width > 0 || width == -1' failed
ERROR 2016-06-24 22:02:53 nux.gltexture.resource.manager GLTextureResourceManager.cpp:54 Invalid target, impossible to generate a new texture. Null Pixbuf
ERROR 2016-06-24 22:02:53 unityte <unknown>:0 g_object_unref: assertion 'G_IS_OBJECT (object)' failed
WARN  2016-06-24 22:02:53 unity.theme.settings ThemeSettings.cpp:121 No valid file found for 'close_unfocused_pressed'
WARN  2016-06-24 22:02:53 unity.decoration.style DecorationStyle.cpp:395 No Window button file for 'close_unfocused_pressed'
ERROR 2016-06-24 22:02:53 unity_is_valid (res, icon) <unknown>:0 gdk_pixbuf_new_from_file_at_scale: assertion 'width > 0 || width == -1' failed
ERROR 2016-06-24 22:02:53 nux.gltexture.resource.manager GLTextureResourceManager.cpp:54 Invalid target, impossible to generate a new texture. Null Pixbuf
ERROR 2016-06-24 22:02:53 unityte <unknown>:0 g_object_unref: assertion 'G_IS_OBJECT (object)' failed

** (unity-control-center:2639): WARNING **: Could not find icon 'system-lock-screen'

** (unity-control-center:2639): WARNING **: Could not find icon 'applications-system'

** (unity-control-center:2639): WARNING **: Could not find icon 'input-keyboard'

** (unity-control-center:2639): WARNING **: Could not find icon 'preferences-desktop-locale'

** (unity-control-center:2639): WARNING **: Could not find icon 'input-mouse'

** (unity-control-center:2639): WARNING **: Could not find icon 'network-workgroup'

** (unity-control-center:2639): WARNING **: Could not find icon 'printer'

** (unity-control-center:2639): WARNING **: Could not find icon 'preferences-desktop-keyboard-shortcuts'
WARN  2016-06-24 22:02:53 unity.theme.settings ThemeSettings.cpp:121 No valid file found for 'minimize'
WARN  2016-06-24 22:02:53 unity.decoration.style DecorationStyle.cpp:395 No Window button file for 'minimize'
ERROR 2016-06-24 22:02:53 unity_is_valid (res, icon) <unknown>:0 gdk_pixbuf_new_from_file_at_scale: assertion 'width > 0 || width == -1' failed
ERROR 2016-06-24 22:02:53 nux.gltexture.resource.manager GLTextureResourceManager.cpp:54 Invalid target, impossible to generate a new texture. Null Pixbuf

** (unity-control-center:2639): WARNING **: Could not find icon 'preferences-desktop-accessibility'

** (unity-control-center:2639): WARNING **: Could not find icon 'system-users'
ERROR 2016-06-24 22:02:53 unityte <unknown>:0 g_object_unref: assertion 'G_IS_OBJECT (object)' failed
WARN  2016-06-24 22:02:53 unity.theme.settings ThemeSettings.cpp:121 No valid file found for 'minimize_focused_prelight'
WARN  2016-06-24 22:02:53 unity.decoration.style DecorationStyle.cpp:395 No Window button file for 'minimize_focused_prelight'
ERROR 2016-06-24 22:02:53 unity_is_valid (res, icon) <unknown>:0 gdk_pixbuf_new_from_file_at_scale: assertion 'width > 0 || width == -1' failed
ERROR 2016-06-24 22:02:53 nux.gltexture.resource.manager GLTextureResourceManager.cpp:54 Invalid target, impossible to generate a new texture. Null Pixbuf
ERROR 2016-06-24 22:02:53 unityte <unknown>:0 g_object_unref: assertion 'G_IS_OBJECT (object)' failed
WARN  2016-06-24 22:02:53 unity.theme.settings ThemeSettings.cpp:121 No valid file found for 'minimize_focused_pressed'
WARN  2016-06-24 22:02:53 unity.decoration.style DecorationStyle.cpp:395 No Window button file for 'minimize_focused_pressed'
ERROR 2016-06-24 22:02:53 unity_is_valid (res, icon) <unknown>:0 gdk_pixbuf_new_from_file_at_scale: assertion 'width > 0 || width == -1' failed
ERROR 2016-06-24 22:02:53 nux.gltexture.resource.manager GLTextureResourceManager.cpp:54 Invalid target, impossible to generate a new texture. Null Pixbuf
ERROR 2016-06-24 22:02:53 unityte <unknown>:0 g_object_unref: assertion 'G_IS_OBJECT (object)' failed
WARN  2016-06-24 22:02:53 unity.theme.settings ThemeSettings.cpp:121 No valid file found for 'minimize_unfocused'
WARN  2016-06-24 22:02:53 unity.decoration.style DecorationStyle.cpp:395 No Window button file for 'minimize_unfocused'
ERROR 2016-06-24 22:02:53 unity_is_valid (res, icon) <unknown>:0 gdk_pixbuf_new_from_file_at_scale: assertion 'width > 0 || width == -1' failed
ERROR 2016-06-24 22:02:53 nux.gltexture.resource.manager GLTextureResourceManager.cpp:54 Invalid target, impossible to generate a new texture. Null Pixbuf
ERROR 2016-06-24 22:02:53 unityte <unknown>:0 g_object_unref: assertion 'G_IS_OBJECT (object)' failed
WARN  2016-06-24 22:02:53 unity.theme.settings ThemeSettings.cpp:121 No valid file found for 'minimize_unfocused'
WARN  2016-06-24 22:02:53 unity.decoration.style DecorationStyle.cpp:395 No Window button file for 'minimize_unfocused'
ERROR 2016-06-24 22:02:53 unity_is_valid (res, icon) <unknown>:0 gdk_pixbuf_new_from_file_at_scale: assertion 'width > 0 || width == -1' failed
ERROR 2016-06-24 22:02:53 nux.gltexture.resource.manager GLTextureResourceManager.cpp:54 Invalid target, impossible to generate a new texture. Null Pixbuf
ERROR 2016-06-24 22:02:53 unityte <unknown>:0 g_object_unref: assertion 'G_IS_OBJECT (object)' failed
WARN  2016-06-24 22:02:53 unity.theme.settings ThemeSettings.cpp:121 No valid file found for 'minimize_unfocused_prelight'
WARN  2016-06-24 22:02:53 unity.decoration.style DecorationStyle.cpp:395 No Window button file for 'minimize_unfocused_prelight'
ERROR 2016-06-24 22:02:53 unity_is_valid (res, icon) <unknown>:0 gdk_pixbuf_new_from_file_at_scale: assertion 'width > 0 || width == -1' failed
ERROR 2016-06-24 22:02:53 nux.gltexture.resource.manager GLTextureResourceManager.cpp:54 Invalid target, impossible to generate a new texture. Null Pixbuf
ERROR 2016-06-24 22:02:53 unityte <unknown>:0 g_object_unref: assertion 'G_IS_OBJECT (object)' failed
WARN  2016-06-24 22:02:53 unity.theme.settings ThemeSettings.cpp:121 No valid file found for 'minimize_unfocused_pressed'
WARN  2016-06-24 22:02:53 unity.decoration.style DecorationStyle.cpp:395 No Window button file for 'minimize_unfocused_pressed'
ERROR 2016-06-24 22:02:53 unity_is_valid (res, icon) <unknown>:0 gdk_pixbuf_new_from_file_at_scale: assertion 'width > 0 || width == -1' failed
ERROR 2016-06-24 22:02:53 nux.gltexture.resource.manager GLTextureResourceManager.cpp:54 Invalid target, impossible to generate a new texture. Null Pixbuf
ERROR 2016-06-24 22:02:53 unityte <unknown>:0 g_object_unref: assertion 'G_IS_OBJECT (object)' failed
WARN  2016-06-24 22:02:53 unity.theme.settings ThemeSettings.cpp:121 No valid file found for 'unmaximize'
WARN  2016-06-24 22:02:53 unity.decoration.style DecorationStyle.cpp:395 No Window button file for 'unmaximize'
ERROR 2016-06-24 22:02:53 unity_is_valid (res, icon) <unknown>:0 gdk_pixbuf_new_from_file_at_scale: assertion 'width > 0 || width == -1' failed
ERROR 2016-06-24 22:02:53 nux.gltexture.resource.manager GLTextureResourceManager.cpp:54 Invalid target, impossible to generate a new texture. Null Pixbuf
ERROR 2016-06-24 22:02:53 unityte <unknown>:0 g_object_unref: assertion 'G_IS_OBJECT (object)' failed
WARN  2016-06-24 22:02:53 unity.theme.settings ThemeSettings.cpp:121 No valid file found for 'unmaximize_focused_prelight'
WARN  2016-06-24 22:02:53 unity.decoration.style DecorationStyle.cpp:395 No Window button file for 'unmaximize_focused_prelight'
ERROR 2016-06-24 22:02:53 unity_is_valid (res, icon) <unknown>:0 gdk_pixbuf_new_from_file_at_scale: assertion 'width > 0 || width == -1' failed
ERROR 2016-06-24 22:02:53 nux.gltexture.resource.manager GLTextureResourceManager.cpp:54 Invalid target, impossible to generate a new texture. Null Pixbuf
ERROR 2016-06-24 22:02:53 unityte <unknown>:0 g_object_unref: assertion 'G_IS_OBJECT (object)' failed
WARN  2016-06-24 22:02:53 unity.theme.settings ThemeSettings.cpp:121 No valid file found for 'unmaximize_focused_pressed'
WARN  2016-06-24 22:02:53 unity.decoration.style DecorationStyle.cpp:395 No Window button file for 'unmaximize_focused_pressed'
ERROR 2016-06-24 22:02:53 unity_is_valid (res, icon) <unknown>:0 gdk_pixbuf_new_from_file_at_scale: assertion 'width > 0 || width == -1' failed
ERROR 2016-06-24 22:02:53 nux.gltexture.resource.manager GLTextureResourceManager.cpp:54 Invalid target, impossible to generate a new texture. Null Pixbuf
ERROR 2016-06-24 22:02:53 unityte <unknown>:0 g_object_unref: assertion 'G_IS_OBJECT (object)' failed
WARN  2016-06-24 22:02:53 unity.theme.settings ThemeSettings.cpp:121 No valid file found for 'unmaximize_unfocused'
WARN  2016-06-24 22:02:53 unity.decoration.style DecorationStyle.cpp:395 No Window button file for 'unmaximize_unfocused'
ERROR 2016-06-24 22:02:53 unity_is_valid (res, icon) <unknown>:0 gdk_pixbuf_new_from_file_at_scale: assertion 'width > 0 || width == -1' failed
ERROR 2016-06-24 22:02:53 nux.gltexture.resource.manager GLTextureResourceManager.cpp:54 Invalid target, impossible to generate a new texture. Null Pixbuf
ERROR 2016-06-24 22:02:53 unityte <unknown>:0 g_object_unref: assertion 'G_IS_OBJECT (object)' failed
WARN  2016-06-24 22:02:53 unity.theme.settings ThemeSettings.cpp:121 No valid file found for 'unmaximize_unfocused'
WARN  2016-06-24 22:02:53 unity.decoration.style DecorationStyle.cpp:395 No Window button file for 'unmaximize_unfocused'
ERROR 2016-06-24 22:02:53 unity_is_valid (res, icon) <unknown>:0 gdk_pixbuf_new_from_file_at_scale: assertion 'width > 0 || width == -1' failed
ERROR 2016-06-24 22:02:53 nux.gltexture.resource.manager GLTextureResourceManager.cpp:54 Invalid target, impossible to generate a new texture. Null Pixbuf
ERROR 2016-06-24 22:02:53 unityte <unknown>:0 g_object_unref: assertion 'G_IS_OBJECT (object)' failed
WARN  2016-06-24 22:02:53 unity.theme.settings ThemeSettings.cpp:121 No valid file found for 'unmaximize_unfocused_prelight'
WARN  2016-06-24 22:02:53 unity.decoration.style DecorationStyle.cpp:395 No Window button file for 'unmaximize_unfocused_prelight'
ERROR 2016-06-24 22:02:53 unity_is_valid (res, icon) <unknown>:0 gdk_pixbuf_new_from_file_at_scale: assertion 'width > 0 || width == -1' failed
ERROR 2016-06-24 22:02:53 nux.gltexture.resource.manager GLTextureResourceManager.cpp:54 Invalid target, impossible to generate a new texture. Null Pixbuf
ERROR 2016-06-24 22:02:53 unityte <unknown>:0 g_object_unref: assertion 'G_IS_OBJECT (object)' failed
WARN  2016-06-24 22:02:53 unity.theme.settings ThemeSettings.cpp:121 No valid file found for 'unmaximize_unfocused_pressed'
WARN  2016-06-24 22:02:53 unity.decoration.style DecorationStyle.cpp:395 No Window button file for 'unmaximize_unfocused_pressed'
ERROR 2016-06-24 22:02:53 unity_is_valid (res, icon) <unknown>:0 gdk_pixbuf_new_from_file_at_scale: assertion 'width > 0 || width == -1' failed
ERROR 2016-06-24 22:02:53 nux.gltexture.resource.manager GLTextureResourceManager.cpp:54 Invalid target, impossible to generate a new texture. Null Pixbuf
ERROR 2016-06-24 22:02:53 unityte <unknown>:0 g_object_unref: assertion 'G_IS_OBJECT (object)' failed
WARN  2016-06-24 22:02:53 unity.theme.settings ThemeSettings.cpp:121 No valid file found for 'maximize'
WARN  2016-06-24 22:02:53 unity.decoration.style DecorationStyle.cpp:395 No Window button file for 'maximize'
ERROR 2016-06-24 22:02:53 unity_is_valid (res, icon) <unknown>:0 gdk_pixbuf_new_from_file_at_scale: assertion 'width > 0 || width == -1' failed
ERROR 2016-06-24 22:02:53 nux.gltexture.resource.manager GLTextureResourceManager.cpp:54 Invalid target, impossible to generate a new texture. Null Pixbuf
ERROR 2016-06-24 22:02:53 unityte <unknown>:0 g_object_unref: assertion 'G_IS_OBJECT (object)' failed
WARN  2016-06-24 22:02:53 unity.theme.settings ThemeSettings.cpp:121 No valid file found for 'maximize_focused_prelight'
WARN  2016-06-24 22:02:53 unity.decoration.style DecorationStyle.cpp:395 No Window button file for 'maximize_focused_prelight'
ERROR 2016-06-24 22:02:53 unity_is_valid (res, icon) <unknown>:0 gdk_pixbuf_new_from_file_at_scale: assertion 'width > 0 || width == -1' failed
ERROR 2016-06-24 22:02:53 nux.gltexture.resource.manager GLTextureResourceManager.cpp:54 Invalid target, impossible to generate a new texture. Null Pixbuf
ERROR 2016-06-24 22:02:53 unityte <unknown>:0 g_object_unref: assertion 'G_IS_OBJECT (object)' failed
WARN  2016-06-24 22:02:53 unity.theme.settings ThemeSettings.cpp:121 No valid file found for 'maximize_focused_pressed'
WARN  2016-06-24 22:02:53 unity.decoration.style DecorationStyle.cpp:395 No Window button file for 'maximize_focused_pressed'
ERROR 2016-06-24 22:02:53 unity_is_valid (res, icon) <unknown>:0 gdk_pixbuf_new_from_file_at_scale: assertion 'width > 0 || width == -1' failed
ERROR 2016-06-24 22:02:53 nux.gltexture.resource.manager GLTextureResourceManager.cpp:54 Invalid target, impossible to generate a new texture. Null Pixbuf
ERROR 2016-06-24 22:02:53 unityte <unknown>:0 g_object_unref: assertion 'G_IS_OBJECT (object)' failed
WARN  2016-06-24 22:02:53 unity.theme.settings ThemeSettings.cpp:121 No valid file found for 'maximize_unfocused'
WARN  2016-06-24 22:02:53 unity.decoration.style DecorationStyle.cpp:395 No Window button file for 'maximize_unfocused'
ERROR 2016-06-24 22:02:53 unity_is_valid (res, icon) <unknown>:0 gdk_pixbuf_new_from_file_at_scale: assertion 'width > 0 || width == -1' failed
ERROR 2016-06-24 22:02:53 nux.gltexture.resource.manager GLTextureResourceManager.cpp:54 Invalid target, impossible to generate a new texture. Null Pixbuf
ERROR 2016-06-24 22:02:53 unityte <unknown>:0 g_object_unref: assertion 'G_IS_OBJECT (object)' failed
WARN  2016-06-24 22:02:53 unity.theme.settings ThemeSettings.cpp:121 No valid file found for 'maximize_unfocused'
WARN  2016-06-24 22:02:53 unity.decoration.style DecorationStyle.cpp:395 No Window button file for 'maximize_unfocused'
ERROR 2016-06-24 22:02:53 unity_is_valid (res, icon) <unknown>:0 gdk_pixbuf_new_from_file_at_scale: assertion 'width > 0 || width == -1' failed
ERROR 2016-06-24 22:02:53 nux.gltexture.resource.manager GLTextureResourceManager.cpp:54 Invalid target, impossible to generate a new texture. Null Pixbuf
ERROR 2016-06-24 22:02:53 unityte <unknown>:0 g_object_unref: assertion 'G_IS_OBJECT (object)' failed
WARN  2016-06-24 22:02:53 unity.theme.settings ThemeSettings.cpp:121 No valid file found for 'maximize_unfocused_prelight'
WARN  2016-06-24 22:02:53 unity.decoration.style DecorationStyle.cpp:395 No Window button file for 'maximize_unfocused_prelight'
ERROR 2016-06-24 22:02:53 unity_is_valid (res, icon) <unknown>:0 gdk_pixbuf_new_from_file_at_scale: assertion 'width > 0 || width == -1' failed
ERROR 2016-06-24 22:02:53 nux.gltexture.resource.manager GLTextureResourceManager.cpp:54 Invalid target, impossible to generate a new texture. Null Pixbuf
ERROR 2016-06-24 22:02:53 unityte <unknown>:0 g_object_unref: assertion 'G_IS_OBJECT (object)' failed
WARN  2016-06-24 22:02:53 unity.theme.settings ThemeSettings.cpp:121 No valid file found for 'maximize_unfocused_pressed'
WARN  2016-06-24 22:02:53 unity.decoration.style DecorationStyle.cpp:395 No Window button file for 'maximize_unfocused_pressed'
ERROR 2016-06-24 22:02:53 unity_is_valid (res, icon) <unknown>:0 gdk_pixbuf_new_from_file_at_scale: assertion 'width > 0 || width == -1' failed
ERROR 2016-06-24 22:02:53 nux.gltexture.resource.manager GLTextureResourceManager.cpp:54 Invalid target, impossible to generate a new texture. Null Pixbuf
ERROR 2016-06-24 22:02:53 unityte <unknown>:0 g_object_unref: assertion 'G_IS_OBJECT (object)' failed
WARN  2016-06-24 22:02:54 unity.theme.settings ThemeSettings.cpp:121 No valid file found for 'close'
WARN  2016-06-24 22:02:54 unity.decoration.style DecorationStyle.cpp:395 No Window button file for 'close'
ERROR 2016-06-24 22:02:54 unity_is_valid (res, icon) <unknown>:0 gdk_pixbuf_new_from_file_at_scale: assertion 'width > 0 || width == -1' failed
WARN  2016-06-24 22:02:54 unity.decoration.datapool DecorationsDataPool.cpp:146 Impossible to load local button texture file: ; falling back to cairo generated one.
WARN  2016-06-24 22:02:54 unity.theme.settings ThemeSettings.cpp:121 No valid file found for 'close_focused_prelight'
WARN  2016-06-24 22:02:54 unity.decoration.style DecorationStyle.cpp:395 No Window button file for 'close_focused_prelight'
ERROR 2016-06-24 22:02:54 unity_is_valid (res, icon) <unknown>:0 gdk_pixbuf_new_from_file_at_scale: assertion 'width > 0 || width == -1' failed
WARN  2016-06-24 22:02:54 unity.decoration.datapool DecorationsDataPool.cpp:146 Impossible to load local button texture file: ; falling back to cairo generated one.
WARN  2016-06-24 22:02:54 unity.theme.settings ThemeSettings.cpp:121 No valid file found for 'close_focused_pressed'
WARN  2016-06-24 22:02:54 unity.decoration.style DecorationStyle.cpp:395 No Window button file for 'close_focused_pressed'
ERROR 2016-06-24 22:02:54 unity_is_valid (res, icon) <unknown>:0 gdk_pixbuf_new_from_file_at_scale: assertion 'width > 0 || width == -1' failed
WARN  2016-06-24 22:02:54 unity.decoration.datapool DecorationsDataPool.cpp:146 Impossible to load local button texture file: ; falling back to cairo generated one.
WARN  2016-06-24 22:02:54 unity.theme.settings ThemeSettings.cpp:121 No valid file found for 'close_unfocused'
WARN  2016-06-24 22:02:54 unity.decoration.style DecorationStyle.cpp:395 No Window button file for 'close_unfocused'
ERROR 2016-06-24 22:02:54 unity_is_valid (res, icon) <unknown>:0 gdk_pixbuf_new_from_file_at_scale: assertion 'width > 0 || width == -1' failed
WARN  2016-06-24 22:02:54 unity.decoration.datapool DecorationsDataPool.cpp:146 Impossible to load local button texture file: ; falling back to cairo generated one.
WARN  2016-06-24 22:02:54 unity.theme.settings ThemeSettings.cpp:121 No valid file found for 'close_unfocused'
WARN  2016-06-24 22:02:54 unity.decoration.style DecorationStyle.cpp:395 No Window button file for 'close_unfocused'
ERROR 2016-06-24 22:02:54 unity_is_valid (res, icon) <unknown>:0 gdk_pixbuf_new_from_file_at_scale: assertion 'width > 0 || width == -1' failed
WARN  2016-06-24 22:02:54 unity.decoration.datapool DecorationsDataPool.cpp:146 Impossible to load local button texture file: ; falling back to cairo generated one.
WARN  2016-06-24 22:02:54 unity.theme.settings ThemeSettings.cpp:121 No valid file found for 'close_unfocused_prelight'
WARN  2016-06-24 22:02:54 unity.decoration.style DecorationStyle.cpp:395 No Window button file for 'close_unfocused_prelight'
ERROR 2016-06-24 22:02:54 unity_is_valid (res, icon) <unknown>:0 gdk_pixbuf_new_from_file_at_scale: assertion 'width > 0 || width == -1' failed
WARN  2016-06-24 22:02:54 unity.decoration.datapool DecorationsDataPool.cpp:146 Impossible to load local button texture file: ; falling back to cairo generated one.
WARN  2016-06-24 22:02:54 unity.theme.settings ThemeSettings.cpp:121 No valid file found for 'close_unfocused_pressed'
WARN  2016-06-24 22:02:54 unity.decoration.style DecorationStyle.cpp:395 No Window button file for 'close_unfocused_pressed'
ERROR 2016-06-24 22:02:54 unity_is_valid (res, icon) <unknown>:0 gdk_pixbuf_new_from_file_at_scale: assertion 'width > 0 || width == -1' failed
WARN  2016-06-24 22:02:54 unity.decoration.datapool DecorationsDataPool.cpp:146 Impossible to load local button texture file: ; falling back to cairo generated one.
WARN  2016-06-24 22:02:54 unity.theme.settings ThemeSettings.cpp:121 No valid file found for 'minimize'
WARN  2016-06-24 22:02:54 unity.decoration.style DecorationStyle.cpp:395 No Window button file for 'minimize'
ERROR 2016-06-24 22:02:54 unity_is_valid (res, icon) <unknown>:0 gdk_pixbuf_new_from_file_at_scale: assertion 'width > 0 || width == -1' failed
WARN  2016-06-24 22:02:54 unity.decoration.datapool DecorationsDataPool.cpp:146 Impossible to load local button texture file: ; falling back to cairo generated one.
WARN  2016-06-24 22:02:54 unity.theme.settings ThemeSettings.cpp:121 No valid file found for 'minimize_focused_prelight'
WARN  2016-06-24 22:02:54 unity.decoration.style DecorationStyle.cpp:395 No Window button file for 'minimize_focused_prelight'
ERROR 2016-06-24 22:02:54 unity_is_valid (res, icon) <unknown>:0 gdk_pixbuf_new_from_file_at_scale: assertion 'width > 0 || width == -1' failed
WARN  2016-06-24 22:02:54 unity.decoration.datapool DecorationsDataPool.cpp:146 Impossible to load local button texture file: ; falling back to cairo generated one.
WARN  2016-06-24 22:02:54 unity.theme.settings ThemeSettings.cpp:121 No valid file found for 'minimize_focused_pressed'
WARN  2016-06-24 22:02:54 unity.decoration.style DecorationStyle.cpp:395 No Window button file for 'minimize_focused_pressed'
ERROR 2016-06-24 22:02:54 unity_is_valid (res, icon) <unknown>:0 gdk_pixbuf_new_from_file_at_scale: assertion 'width > 0 || width == -1' failed
WARN  2016-06-24 22:02:54 unity.decoration.datapool DecorationsDataPool.cpp:146 Impossible to load local button texture file: ; falling back to cairo generated one.
WARN  2016-06-24 22:02:54 unity.theme.settings ThemeSettings.cpp:121 No valid file found for 'minimize_unfocused'
WARN  2016-06-24 22:02:54 unity.decoration.style DecorationStyle.cpp:395 No Window button file for 'minimize_unfocused'
ERROR 2016-06-24 22:02:54 unity_is_valid (res, icon) <unknown>:0 gdk_pixbuf_new_from_file_at_scale: assertion 'width > 0 || width == -1' failed
WARN  2016-06-24 22:02:54 unity.decoration.datapool DecorationsDataPool.cpp:146 Impossible to load local button texture file: ; falling back to cairo generated one.
WARN  2016-06-24 22:02:54 unity.theme.settings ThemeSettings.cpp:121 No valid file found for 'minimize_unfocused'
WARN  2016-06-24 22:02:54 unity.decoration.style DecorationStyle.cpp:395 No Window button file for 'minimize_unfocused'
ERROR 2016-06-24 22:02:54 unity_is_valid (res, icon) <unknown>:0 gdk_pixbuf_new_from_file_at_scale: assertion 'width > 0 || width == -1' failed
WARN  2016-06-24 22:02:54 unity.decoration.datapool DecorationsDataPool.cpp:146 Impossible to load local button texture file: ; falling back to cairo generated one.
WARN  2016-06-24 22:02:54 unity.theme.settings ThemeSettings.cpp:121 No valid file found for 'minimize_unfocused_prelight'
WARN  2016-06-24 22:02:54 unity.decoration.style DecorationStyle.cpp:395 No Window button file for 'minimize_unfocused_prelight'
ERROR 2016-06-24 22:02:54 unity_is_valid (res, icon) <unknown>:0 gdk_pixbuf_new_from_file_at_scale: assertion 'width > 0 || width == -1' failed
WARN  2016-06-24 22:02:54 unity.decoration.datapool DecorationsDataPool.cpp:146 Impossible to load local button texture file: ; falling back to cairo generated one.
WARN  2016-06-24 22:02:54 unity.theme.settings ThemeSettings.cpp:121 No valid file found for 'minimize_unfocused_pressed'
WARN  2016-06-24 22:02:54 unity.decoration.style DecorationStyle.cpp:395 No Window button file for 'minimize_unfocused_pressed'
ERROR 2016-06-24 22:02:54 unity_is_valid (res, icon) <unknown>:0 gdk_pixbuf_new_from_file_at_scale: assertion 'width > 0 || width == -1' failed
WARN  2016-06-24 22:02:54 unity.decoration.datapool DecorationsDataPool.cpp:146 Impossible to load local button texture file: ; falling back to cairo generated one.
WARN  2016-06-24 22:02:54 unity.theme.settings ThemeSettings.cpp:121 No valid file found for 'unmaximize'
WARN  2016-06-24 22:02:54 unity.decoration.style DecorationStyle.cpp:395 No Window button file for 'unmaximize'
ERROR 2016-06-24 22:02:54 unity_is_valid (res, icon) <unknown>:0 gdk_pixbuf_new_from_file_at_scale: assertion 'width > 0 || width == -1' failed
WARN  2016-06-24 22:02:54 unity.decoration.datapool DecorationsDataPool.cpp:146 Impossible to load local button texture file: ; falling back to cairo generated one.
WARN  2016-06-24 22:02:54 unity.theme.settings ThemeSettings.cpp:121 No valid file found for 'unmaximize_focused_prelight'
WARN  2016-06-24 22:02:54 unity.decoration.style DecorationStyle.cpp:395 No Window button file for 'unmaximize_focused_prelight'
ERROR 2016-06-24 22:02:54 unity_is_valid (res, icon) <unknown>:0 gdk_pixbuf_new_from_file_at_scale: assertion 'width > 0 || width == -1' failed
WARN  2016-06-24 22:02:54 unity.decoration.datapool DecorationsDataPool.cpp:146 Impossible to load local button texture file: ; falling back to cairo generated one.
WARN  2016-06-24 22:02:54 unity.theme.settings ThemeSettings.cpp:121 No valid file found for 'unmaximize_focused_pressed'
WARN  2016-06-24 22:02:54 unity.decoration.style DecorationStyle.cpp:395 No Window button file for 'unmaximize_focused_pressed'
ERROR 2016-06-24 22:02:54 unity_is_valid (res, icon) <unknown>:0 gdk_pixbuf_new_from_file_at_scale: assertion 'width > 0 || width == -1' failed
WARN  2016-06-24 22:02:54 unity.decoration.datapool DecorationsDataPool.cpp:146 Impossible to load local button texture file: ; falling back to cairo generated one.
WARN  2016-06-24 22:02:54 unity.theme.settings ThemeSettings.cpp:121 No valid file found for 'unmaximize_unfocused'
WARN  2016-06-24 22:02:54 unity.decoration.style DecorationStyle.cpp:395 No Window button file for 'unmaximize_unfocused'
ERROR 2016-06-24 22:02:54 unity_is_valid (res, icon) <unknown>:0 gdk_pixbuf_new_from_file_at_scale: assertion 'width > 0 || width == -1' failed
WARN  2016-06-24 22:02:54 unity.decoration.datapool DecorationsDataPool.cpp:146 Impossible to load local button texture file: ; falling back to cairo generated one.
WARN  2016-06-24 22:02:54 unity.theme.settings ThemeSettings.cpp:121 No valid file found for 'unmaximize_unfocused'
WARN  2016-06-24 22:02:54 unity.decoration.style DecorationStyle.cpp:395 No Window button file for 'unmaximize_unfocused'
ERROR 2016-06-24 22:02:54 unity_is_valid (res, icon) <unknown>:0 gdk_pixbuf_new_from_file_at_scale: assertion 'width > 0 || width == -1' failed
WARN  2016-06-24 22:02:54 unity.decoration.datapool DecorationsDataPool.cpp:146 Impossible to load local button texture file: ; falling back to cairo generated one.
WARN  2016-06-24 22:02:54 unity.theme.settings ThemeSettings.cpp:121 No valid file found for 'unmaximize_unfocused_prelight'
WARN  2016-06-24 22:02:54 unity.decoration.style DecorationStyle.cpp:395 No Window button file for 'unmaximize_unfocused_prelight'
ERROR 2016-06-24 22:02:54 unity_is_valid (res, icon) <unknown>:0 gdk_pixbuf_new_from_file_at_scale: assertion 'width > 0 || width == -1' failed
WARN  2016-06-24 22:02:54 unity.decoration.datapool DecorationsDataPool.cpp:146 Impossible to load local button texture file: ; falling back to cairo generated one.
WARN  2016-06-24 22:02:54 unity.theme.settings ThemeSettings.cpp:121 No valid file found for 'unmaximize_unfocused_pressed'
WARN  2016-06-24 22:02:54 unity.decoration.style DecorationStyle.cpp:395 No Window button file for 'unmaximize_unfocused_pressed'
ERROR 2016-06-24 22:02:54 unity_is_valid (res, icon) <unknown>:0 gdk_pixbuf_new_from_file_at_scale: assertion 'width > 0 || width == -1' failed
WARN  2016-06-24 22:02:54 unity.decoration.datapool DecorationsDataPool.cpp:146 Impossible to load local button texture file: ; falling back to cairo generated one.
WARN  2016-06-24 22:02:54 unity.theme.settings ThemeSettings.cpp:121 No valid file found for 'maximize'
WARN  2016-06-24 22:02:54 unity.decoration.style DecorationStyle.cpp:395 No Window button file for 'maximize'
ERROR 2016-06-24 22:02:54 unity_is_valid (res, icon) <unknown>:0 gdk_pixbuf_new_from_file_at_scale: assertion 'width > 0 || width == -1' failed
WARN  2016-06-24 22:02:54 unity.decoration.datapool DecorationsDataPool.cpp:146 Impossible to load local button texture file: ; falling back to cairo generated one.
WARN  2016-06-24 22:02:54 unity.theme.settings ThemeSettings.cpp:121 No valid file found for 'maximize_focused_prelight'
WARN  2016-06-24 22:02:54 unity.decoration.style DecorationStyle.cpp:395 No Window button file for 'maximize_focused_prelight'
ERROR 2016-06-24 22:02:54 unity_is_valid (res, icon) <unknown>:0 gdk_pixbuf_new_from_file_at_scale: assertion 'width > 0 || width == -1' failed
WARN  2016-06-24 22:02:54 unity.decoration.datapool DecorationsDataPool.cpp:146 Impossible to load local button texture file: ; falling back to cairo generated one.
WARN  2016-06-24 22:02:54 unity.theme.settings ThemeSettings.cpp:121 No valid file found for 'maximize_focused_pressed'
WARN  2016-06-24 22:02:54 unity.decoration.style DecorationStyle.cpp:395 No Window button file for 'maximize_focused_pressed'
ERROR 2016-06-24 22:02:54 unity_is_valid (res, icon) <unknown>:0 gdk_pixbuf_new_from_file_at_scale: assertion 'width > 0 || width == -1' failed
WARN  2016-06-24 22:02:54 unity.decoration.datapool DecorationsDataPool.cpp:146 Impossible to load local button texture file: ; falling back to cairo generated one.
WARN  2016-06-24 22:02:54 unity.theme.settings ThemeSettings.cpp:121 No valid file found for 'maximize_unfocused'
WARN  2016-06-24 22:02:54 unity.decoration.style DecorationStyle.cpp:395 No Window button file for 'maximize_unfocused'
ERROR 2016-06-24 22:02:54 unity_is_valid (res, icon) <unknown>:0 gdk_pixbuf_new_from_file_at_scale: assertion 'width > 0 || width == -1' failed
WARN  2016-06-24 22:02:54 unity.decoration.datapool DecorationsDataPool.cpp:146 Impossible to load local button texture file: ; falling back to cairo generated one.
WARN  2016-06-24 22:02:54 unity.theme.settings ThemeSettings.cpp:121 No valid file found for 'maximize_unfocused'
WARN  2016-06-24 22:02:54 unity.decoration.style DecorationStyle.cpp:395 No Window button file for 'maximize_unfocused'
ERROR 2016-06-24 22:02:54 unity_is_valid (res, icon) <unknown>:0 gdk_pixbuf_new_from_file_at_scale: assertion 'width > 0 || width == -1' failed
WARN  2016-06-24 22:02:54 unity.decoration.datapool DecorationsDataPool.cpp:146 Impossible to load local button texture file: ; falling back to cairo generated one.
WARN  2016-06-24 22:02:54 unity.theme.settings ThemeSettings.cpp:121 No valid file found for 'maximize_unfocused_prelight'
WARN  2016-06-24 22:02:54 unity.decoration.style DecorationStyle.cpp:395 No Window button file for 'maximize_unfocused_prelight'
ERROR 2016-06-24 22:02:54 unity_is_valid (res, icon) <unknown>:0 gdk_pixbuf_new_from_file_at_scale: assertion 'width > 0 || width == -1' failed
WARN  2016-06-24 22:02:54 unity.decoration.datapool DecorationsDataPool.cpp:146 Impossible to load local button texture file: ; falling back to cairo generated one.
WARN  2016-06-24 22:02:54 unity.theme.settings ThemeSettings.cpp:121 No valid file found for 'maximize_unfocused_pressed'
WARN  2016-06-24 22:02:54 unity.decoration.style DecorationStyle.cpp:395 No Window button file for 'maximize_unfocused_pressed'
ERROR 2016-06-24 22:02:54 unity_is_valid (res, icon) <unknown>:0 gdk_pixbuf_new_from_file_at_scale: assertion 'width > 0 || width == -1' failed
WARN  2016-06-24 22:02:54 unity.decoration.datapool DecorationsDataPool.cpp:146 Impossible to load local button texture file: ; falling back to cairo generated one.
WARN  2016-06-24 22:02:54 unity.panel.indicator.entry PanelIndicatorEntryView.cpp:255 failed to load: /org/gtk/libgtk/icons/24x24/status/image-missing.png
WARN  2016-06-24 22:02:54 unity.panel.indicator.entry PanelIndicatorEntryView.cpp:255 failed to load: /org/gtk/libgtk/icons/24x24/status/image-missing.png
WARN  2016-06-24 22:02:54 unity.panel.indicator.entry PanelIndicatorEntryView.cpp:255 failed to load: /org/gtk/libgtk/icons/24x24/status/image-missing.png
WARN  2016-06-24 22:02:54 unity.panel.indicator.entry PanelIndicatorEntryView.cpp:255 failed to load: /org/gtk/libgtk/icons/24x24/status/image-missing.png
WARN  2016-06-24 22:02:54 unity.panel.indicator.entry PanelIndicatorEntryView.cpp:255 failed to load: /org/gtk/libgtk/icons/24x24/status/image-missing.png
WARN  2016-06-24 22:03:01 unity.panel.indicator.entry PanelIndicatorEntryView.cpp:255 failed to load: /org/gtk/libgtk/icons/24x24/status/image-missing.png
WARN  2016-06-24 22:03:01 unity.panel.indicator.entry PanelIndicatorEntryView.cpp:255 failed to load: /org/gtk/libgtk/icons/24x24/status/image-missing.png

(process:2674): GLib-CRITICAL **: g_path_get_basename: assertion 'file_name != NULL' failed

(nautilus:19706): GLib-GIO-CRITICAL **: g_dbus_interface_skeleton_unexport: assertion 'interface_->priv->connections != NULL' failed

(nautilus:19706): GLib-GIO-CRITICAL **: g_dbus_interface_skeleton_unexport: assertion 'interface_->priv->connections != NULL' failed

(nautilus:19706): Gtk-CRITICAL **: gtk_icon_theme_get_for_screen: assertion 'GDK_IS_SCREEN (screen)' failed

(nautilus:19706): GLib-GObject-WARNING **: invalid (NULL) pointer instance

(nautilus:19706): GLib-GObject-CRITICAL **: g_signal_connect_object: assertion 'G_TYPE_CHECK_INSTANCE (instance)' failed

(nautilus:19752): GLib-GIO-CRITICAL **: g_dbus_interface_skeleton_unexport: assertion 'interface_->priv->connections != NULL' failed

(nautilus:19752): GLib-GIO-CRITICAL **: g_dbus_interface_skeleton_unexport: assertion 'interface_->priv->connections != NULL' failed

(nautilus:19752): Gtk-CRITICAL **: gtk_icon_theme_get_for_screen: assertion 'GDK_IS_SCREEN (screen)' failed

(nautilus:19752): GLib-GObject-WARNING **: invalid (NULL) pointer instance

(nautilus:19752): GLib-GObject-CRITICAL **: g_signal_connect_object: assertion 'G_TYPE_CHECK_INSTANCE (instance)' failed

(nautilus:19905): GLib-GIO-CRITICAL **: g_dbus_interface_skeleton_unexport: assertion 'interface_->priv->connections != NULL' failed

(nautilus:19905): GLib-GIO-CRITICAL **: g_dbus_interface_skeleton_unexport: assertion 'interface_->priv->connections != NULL' failed

(nautilus:19905): Gtk-CRITICAL **: gtk_icon_theme_get_for_screen: assertion 'GDK_IS_SCREEN (screen)' failed

(nautilus:19905): GLib-GObject-WARNING **: invalid (NULL) pointer instance

(nautilus:19905): GLib-GObject-CRITICAL **: g_signal_connect_object: assertion 'G_TYPE_CHECK_INSTANCE (instance)' failed
WARN  2016-06-25 14:35:35 unityct(io) <unknown>:0 Unable to load keyfile from file 'logisim.desktop': No such file or directory
Jun 25, 2016 2:37:50 PM java.util.prefs.FileSystemPreferences$1 run
INFO: Created user preferences directory.
WARN  2016-06-25 14:40:52 unityct(io) <unknown>:0 Unable to load keyfile from file 'qelectrotech.desktop': No such file or directory
WARN  2016-06-25 14:44:49 unity <unknown>:0 Failed to fetch xid: GDBus.Error:org.freedesktop.DBus.Error.UnknownMethod: No such interface 'org.ayatana.bamf.window' on object at path /org/ayatana/bamf/window/67108914
WARN  2016-06-25 14:44:49 unity <unknown>:0 Failed to fetch type: GDBus.Error:org.freedesktop.DBus.Error.UnknownMethod: No such interface 'org.ayatana.bamf.window' on object at path /org/ayatana/bamf/window/67108914
WARN  2016-06-25 14:44:49 unity <unknown>:0 Failed to fetch monitor: GDBus.Error:org.freedesktop.DBus.Error.UnknownMethod: No such interface 'org.ayatana.bamf.window' on object at path /org/ayatana/bamf/window/67108914
WARN  2016-06-25 14:44:49 unity <unknown>:0 Failed to fetch maximized state: GDBus.Error:org.freedesktop.DBus.Error.UnknownMethod: No such interface 'org.ayatana.bamf.window' on object at path /org/ayatana/bamf/window/67108914
WARN  2016-06-25 14:44:49 unity <unknown>:0 Failed to fetch xid: GDBus.Error:org.freedesktop.DBus.Error.UnknownMethod: No such interface 'org.ayatana.bamf.window' on object at path /org/ayatana/bamf/window/67108914
WARN  2016-06-25 14:44:49 unity <unknown>:0 Failed to fetch xid: GDBus.Error:org.freedesktop.DBus.Error.UnknownMethod: No such interface 'org.ayatana.bamf.window' on object at path /org/ayatana/bamf/window/67108914
WARN  2016-06-25 14:44:50 unity <unknown>:0 Failed to fetch xid: GDBus.Error:org.freedesktop.DBus.Error.UnknownMethod: No such interface 'org.ayatana.bamf.window' on object at path /org/ayatana/bamf/window/67108914
WARN  2016-06-25 14:44:50 unity <unknown>:0 Failed to fetch xid: GDBus.Error:org.freedesktop.DBus.Error.UnknownMethod: No such interface 'org.ayatana.bamf.window' on object at path /org/ayatana/bamf/window/67108914
WARN  2016-06-25 14:44:59 unity <unknown>:0 Failed to get active window: Timeout was reached
WARN  2016-06-25 14:45:00 unity <unknown>:0 Failed to fetch paths: Timeout was reached

(nautilus:24722): GLib-GIO-CRITICAL **: g_dbus_interface_skeleton_unexport: assertion 'interface_->priv->connections != NULL' failed

(nautilus:24722): GLib-GIO-CRITICAL **: g_dbus_interface_skeleton_unexport: assertion 'interface_->priv->connections != NULL' failed

(nautilus:24722): Gtk-CRITICAL **: gtk_icon_theme_get_for_screen: assertion 'GDK_IS_SCREEN (screen)' failed

(nautilus:24722): GLib-GObject-WARNING **: invalid (NULL) pointer instance

(nautilus:24722): GLib-GObject-CRITICAL **: g_signal_connect_object: assertion 'G_TYPE_CHECK_INSTANCE (instance)' failed
ERROR 2016-06-25 14:49:00 unityte <unknown>:0 g_value_set_object: assertion 'g_value_type_compatible (G_OBJECT_TYPE (v_object), G_VALUE_TYPE (value))' failed
ERROR 2016-06-25 15:47:32 unity.settings UnitySettings.cpp:293 Invalid monitor index: -1. Returning index 0 monitor instead.

(process:25571): GLib-CRITICAL **: g_path_get_basename: assertion 'file_name != NULL' failed

###!!! [Child][MessageChannel] Error: (msgtype=0xA20027,name=PNecko::Msg_RemoveSchedulingContext) Channel closing: too late to send/recv, messages will be lost


###!!! [Child][MessageChannel] Error: (msgtype=0xA20027,name=PNecko::Msg_RemoveSchedulingContext) Channel closing: too late to send/recv, messages will be lost


(process:25644): GLib-CRITICAL **: g_path_get_basename: assertion 'file_name != NULL' failed
1466917635988	addons.update-checker	WARN	Update manifest for ubufox@ubuntu.com did not contain an updates property
1466917636157	addons.update-checker	WARN	Update manifest for e10srollout@mozilla.org did not contain an updates property
1466917636269	addons.update-checker	WARN	Update manifest for firefox@getpocket.com did not contain an updates property
1466917636422	addons.update-checker	WARN	Update manifest for {972ce4c6-7e08-4474-a285-3208198ce6fd} did not contain an updates property

(process:26715): GLib-CRITICAL **: g_path_get_basename: assertion 'file_name != NULL' failed
ExceptionHandler::GenerateDump cloned child 26788
ExceptionHandler::SendContinueSignalToChild sent continue signal to child
ExceptionHandler::WaitForContinueSignal waiting for continue signal...

###!!! [Parent][OnMaybeDequeueOne] Error: Channel error: cannot send/recv


###!!! [Parent][MessageChannel] Error: (msgtype=0x480040,name=PContent::Msg_Shutdown) Channel error: cannot send/recv


(process:26811): GLib-CRITICAL **: g_path_get_basename: assertion 'file_name != NULL' failed

(process:26849): GLib-CRITICAL **: g_path_get_basename: assertion 'file_name != NULL' failed
WARN  2016-06-26 01:47:20 unity <unknown>:0 Unable to fetch children: GDBus.Error:org.freedesktop.DBus.Error.UnknownMethod: No such interface 'org.ayatana.bamf.view' on object at path /org/ayatana/bamf/application/545253652

WARN  2016-06-26 01:47:20 unity <unknown>:0 Failed to fetch path: GDBus.Error:org.freedesktop.DBus.Error.UnknownMethod: No such interface 'org.ayatana.bamf.application' on object at path /org/ayatana/bamf/application/545253652
WARN  2016-06-26 01:47:20 unity <unknown>:0 Failed to fetch path: GDBus.Error:org.freedesktop.DBus.Error.UnknownMethod: No such interface 'org.ayatana.bamf.application' on object at path /org/ayatana/bamf/application/545253652
WARN  2016-06-26 01:47:20 unity <unknown>:0 Failed to fetch path: GDBus.Error:org.freedesktop.DBus.Error.UnknownMethod: No such interface 'org.ayatana.bamf.application' on object at path /org/ayatana/bamf/application/545253652
WARN  2016-06-26 01:47:20 unity <unknown>:0 Failed to fetch path: GDBus.Error:org.freedesktop.DBus.Error.UnknownMethod: No such interface 'org.ayatana.bamf.application' on object at path /org/ayatana/bamf/application/545253652
WARN  2016-06-26 01:47:20 unity <unknown>:0 Failed to fetch path: GDBus.Error:org.freedesktop.DBus.Error.UnknownMethod: No such interface 'org.ayatana.bamf.application' on object at path /org/ayatana/bamf/application/545253652
WARN  2016-06-26 01:47:20 unity <unknown>:0 Failed to fetch path: GDBus.Error:org.freedesktop.DBus.Error.UnknownMethod: No such interface 'org.ayatana.bamf.application' on object at path /org/ayatana/bamf/application/545253652
WARN  2016-06-26 01:47:20 unity <unknown>:0 Failed to fetch path: GDBus.Error:org.freedesktop.DBus.Error.UnknownMethod: No such interface 'org.ayatana.bamf.application' on object at path /org/ayatana/bamf/application/545253652
WARN  2016-06-26 01:47:20 unity <unknown>:0 Failed to fetch path: GDBus.Error:org.freedesktop.DBus.Error.UnknownMethod: No such interface 'org.ayatana.bamf.application' on object at path /org/ayatana/bamf/application/545253652
